<?xml version="1.0" encoding="UTF-8"?>
<testsuite name="com.illuminarean.example.user.api.UserControllerTest" tests="2" skipped="0" failures="0" errors="0" timestamp="2023-05-24T04:58:03" hostname="lswteenui-iMac.local" time="0.165">
  <properties/>
  <testcase name="내 정보 조회 성공 테스트 (토큰이 올바른 경우)" classname="com.illuminarean.example.user.api.UserControllerTest" time="0.136"/>
  <testcase name="내 정보 조회 실패 테스트 (토큰이 올바르지 않을 경우)" classname="com.illuminarean.example.user.api.UserControllerTest" time="0.027"/>
  <system-out><![CDATA[2023-05-24 13:58:03.442  INFO 38343 --- [    Test worker] .b.t.c.SpringBootTestContextBootstrapper : Neither @ContextConfiguration nor @ContextHierarchy found for test class [com.illuminarean.example.user.api.UserControllerTest], using SpringBootContextLoader
2023-05-24 13:58:03.444  INFO 38343 --- [    Test worker] o.s.t.c.support.AbstractContextLoader    : Could not detect default resource locations for test class [com.illuminarean.example.user.api.UserControllerTest]: no resource found for suffixes {-context.xml, Context.groovy}.
2023-05-24 13:58:03.445  INFO 38343 --- [    Test worker] t.c.s.AnnotationConfigContextLoaderUtils : Could not detect default configuration classes for test class [com.illuminarean.example.user.api.UserControllerTest]: UserControllerTest does not declare any static, non-private, non-final, nested classes annotated with @Configuration.
2023-05-24 13:58:03.471  INFO 38343 --- [    Test worker] .b.t.c.SpringBootTestContextBootstrapper : Found @SpringBootConfiguration com.illuminarean.example.IlluminreanBoardServiceApplication for test class com.illuminarean.example.user.api.UserControllerTest
2023-05-24 13:58:03.480  INFO 38343 --- [    Test worker] .b.t.c.SpringBootTestContextBootstrapper : Loaded default TestExecutionListener class names from location [META-INF/spring.factories]: [org.springframework.security.test.context.support.WithSecurityContextTestExecutionListener, org.springframework.security.test.context.support.ReactorContextTestExecutionListener, org.springframework.boot.test.autoconfigure.restdocs.RestDocsTestExecutionListener, org.springframework.boot.test.autoconfigure.web.client.MockRestServiceServerResetTestExecutionListener, org.springframework.boot.test.autoconfigure.web.servlet.MockMvcPrintOnlyOnFailureTestExecutionListener, org.springframework.boot.test.autoconfigure.web.servlet.WebDriverTestExecutionListener, org.springframework.boot.test.autoconfigure.webservices.client.MockWebServiceServerTestExecutionListener, org.springframework.boot.test.mock.mockito.MockitoTestExecutionListener, org.springframework.boot.test.mock.mockito.ResetMocksTestExecutionListener, org.springframework.test.context.web.ServletTestExecutionListener, org.springframework.test.context.support.DirtiesContextBeforeModesTestExecutionListener, org.springframework.test.context.event.ApplicationEventsTestExecutionListener, org.springframework.test.context.support.DependencyInjectionTestExecutionListener, org.springframework.test.context.support.DirtiesContextTestExecutionListener, org.springframework.test.context.transaction.TransactionalTestExecutionListener, org.springframework.test.context.jdbc.SqlScriptsTestExecutionListener, org.springframework.test.context.event.EventPublishingTestExecutionListener]
2023-05-24 13:58:03.481  INFO 38343 --- [    Test worker] .b.t.c.SpringBootTestContextBootstrapper : Using TestExecutionListeners: [org.springframework.test.context.web.ServletTestExecutionListener@a8451db, org.springframework.test.context.support.DirtiesContextBeforeModesTestExecutionListener@706809c0, org.springframework.test.context.event.ApplicationEventsTestExecutionListener@36dc9a2a, org.springframework.boot.test.mock.mockito.MockitoTestExecutionListener@511e2c9c, org.springframework.boot.test.autoconfigure.SpringBootDependencyInjectionTestExecutionListener@793cb5ed, org.springframework.test.context.support.DirtiesContextTestExecutionListener@49aa8503, org.springframework.test.context.transaction.TransactionalTestExecutionListener@1bf54bd6, org.springframework.test.context.jdbc.SqlScriptsTestExecutionListener@3baffef8, org.springframework.security.test.context.support.WithSecurityContextTestExecutionListener@2720b7bd, org.springframework.test.context.event.EventPublishingTestExecutionListener@3abfacc7, org.springframework.security.test.context.support.ReactorContextTestExecutionListener@ba5fbbd, org.springframework.boot.test.autoconfigure.restdocs.RestDocsTestExecutionListener@4fb98c0f, org.springframework.boot.test.autoconfigure.web.client.MockRestServiceServerResetTestExecutionListener@6d06571a, org.springframework.boot.test.autoconfigure.web.servlet.MockMvcPrintOnlyOnFailureTestExecutionListener@2a1807e9, org.springframework.boot.test.autoconfigure.web.servlet.WebDriverTestExecutionListener@ec46904, org.springframework.boot.test.autoconfigure.webservices.client.MockWebServiceServerTestExecutionListener@d1e5527, org.springframework.boot.test.mock.mockito.ResetMocksTestExecutionListener@527f7d19]

MockHttpServletRequest:
      HTTP Method = GET
      Request URI = /api/users/me
       Parameters = {}
          Headers = [Accept:"application/json"]
             Body = null
    Session Attrs = {SPRING_SECURITY_CONTEXT=SecurityContextImpl [Authentication=JdbcAuthenticationToken [Principal=com.illuminarean.example.security.JdbcAuthenticationPrincipal@1b180a1, Credentials=[PROTECTED], Authenticated=true, Details=null, Granted Authorities=[ROLE_USER]]]}

Handler:
             Type = com.illuminarean.example.user.api.UserController
           Method = com.illuminarean.example.user.api.UserController#me()

Async:
    Async started = false
     Async result = null

Resolved Exception:
             Type = null

ModelAndView:
        View name = null
             View = null
            Model = null

FlashMap:
       Attributes = null

MockHttpServletResponse:
           Status = 200
    Error message = null
          Headers = [Content-Type:"application/json"]
     Content type = application/json
             Body = {"id":1,"email":"tester@gmail.com","name":"tester","loginCount":0,"lastLoginDate":"2023-05-24T13:58:03.109308","createDate":"2023-05-24T13:58:00.899262","modifiedDate":null}
    Forwarded URL = null
   Redirected URL = null
          Cookies = []
io.jsonwebtoken.MalformedJwtException: JWT strings must contain exactly 2 period characters. Found: 0

MockHttpServletRequest:
      HTTP Method = GET
      Request URI = /api/users/me
       Parameters = {}
          Headers = [Accept:"application/json", Authorization:"Bearer testasdfastoken"]
             Body = null
    Session Attrs = {}

Handler:
             Type = null

Async:
    Async started = false
     Async result = null

Resolved Exception:
             Type = null

ModelAndView:
        View name = null
             View = null
            Model = null

FlashMap:
       Attributes = null

MockHttpServletResponse:
           Status = 401
    Error message = JWT strings must contain exactly 2 period characters. Found: 0
          Headers = []
     Content type = null
             Body = 
    Forwarded URL = null
   Redirected URL = null
          Cookies = []
]]></system-out>
  <system-err><![CDATA[]]></system-err>
</testsuite>
