<?xml version="1.0" encoding="UTF-8"?>
<testsuite name="com.illuminarean.example.security.LoginTest" tests="3" skipped="0" failures="0" errors="0" timestamp="2023-05-24T00:32:32" hostname="lswteenui-iMac.local" time="0.447">
  <properties/>
  <testcase name="로그인 실패 - 아이디가 올바르지 않은 경우" classname="com.illuminarean.example.security.LoginTest" time="0.238"/>
  <testcase name="로그인 성공 테스트" classname="com.illuminarean.example.security.LoginTest" time="0.119"/>
  <testcase name="로그인 실패 - 비밀번호가 올바르지 않은 경우" classname="com.illuminarean.example.security.LoginTest" time="0.088"/>
  <system-out><![CDATA[09:32:30.891 [Test worker] DEBUG org.springframework.test.context.BootstrapUtils - Instantiating CacheAwareContextLoaderDelegate from class [org.springframework.test.context.cache.DefaultCacheAwareContextLoaderDelegate]
09:32:30.896 [Test worker] DEBUG org.springframework.test.context.BootstrapUtils - Instantiating BootstrapContext using constructor [public org.springframework.test.context.support.DefaultBootstrapContext(java.lang.Class,org.springframework.test.context.CacheAwareContextLoaderDelegate)]
09:32:30.911 [Test worker] DEBUG org.springframework.test.context.BootstrapUtils - Instantiating TestContextBootstrapper for test class [com.illuminarean.example.security.LoginTest] from class [org.springframework.boot.test.context.SpringBootTestContextBootstrapper]
09:32:30.915 [Test worker] INFO org.springframework.boot.test.context.SpringBootTestContextBootstrapper - Neither @ContextConfiguration nor @ContextHierarchy found for test class [com.illuminarean.example.security.LoginTest], using SpringBootContextLoader
09:32:30.917 [Test worker] DEBUG org.springframework.test.context.support.AbstractContextLoader - Did not detect default resource location for test class [com.illuminarean.example.security.LoginTest]: class path resource [com/illuminarean/example/security/LoginTest-context.xml] does not exist
09:32:30.917 [Test worker] DEBUG org.springframework.test.context.support.AbstractContextLoader - Did not detect default resource location for test class [com.illuminarean.example.security.LoginTest]: class path resource [com/illuminarean/example/security/LoginTestContext.groovy] does not exist
09:32:30.917 [Test worker] INFO org.springframework.test.context.support.AbstractContextLoader - Could not detect default resource locations for test class [com.illuminarean.example.security.LoginTest]: no resource found for suffixes {-context.xml, Context.groovy}.
09:32:30.917 [Test worker] INFO org.springframework.test.context.support.AnnotationConfigContextLoaderUtils - Could not detect default configuration classes for test class [com.illuminarean.example.security.LoginTest]: LoginTest does not declare any static, non-private, non-final, nested classes annotated with @Configuration.
09:32:30.938 [Test worker] DEBUG org.springframework.test.context.support.ActiveProfilesUtils - Could not find an 'annotation declaring class' for annotation type [org.springframework.test.context.ActiveProfiles] and class [com.illuminarean.example.security.LoginTest]
09:32:30.959 [Test worker] DEBUG org.springframework.context.annotation.ClassPathScanningCandidateComponentProvider - Identified candidate component class: file [/Users/lswteen/workspace/coding-test/build/classes/java/main/com/illuminarean/example/IlluminreanBoardServiceApplication.class]
09:32:30.959 [Test worker] INFO org.springframework.boot.test.context.SpringBootTestContextBootstrapper - Found @SpringBootConfiguration com.illuminarean.example.IlluminreanBoardServiceApplication for test class com.illuminarean.example.security.LoginTest
09:32:30.993 [Test worker] DEBUG org.springframework.boot.test.context.SpringBootTestContextBootstrapper - @TestExecutionListeners is not present for class [com.illuminarean.example.security.LoginTest]: using defaults.
09:32:30.993 [Test worker] INFO org.springframework.boot.test.context.SpringBootTestContextBootstrapper - Loaded default TestExecutionListener class names from location [META-INF/spring.factories]: [org.springframework.security.test.context.support.WithSecurityContextTestExecutionListener, org.springframework.security.test.context.support.ReactorContextTestExecutionListener, org.springframework.boot.test.autoconfigure.restdocs.RestDocsTestExecutionListener, org.springframework.boot.test.autoconfigure.web.client.MockRestServiceServerResetTestExecutionListener, org.springframework.boot.test.autoconfigure.web.servlet.MockMvcPrintOnlyOnFailureTestExecutionListener, org.springframework.boot.test.autoconfigure.web.servlet.WebDriverTestExecutionListener, org.springframework.boot.test.autoconfigure.webservices.client.MockWebServiceServerTestExecutionListener, org.springframework.boot.test.mock.mockito.MockitoTestExecutionListener, org.springframework.boot.test.mock.mockito.ResetMocksTestExecutionListener, org.springframework.test.context.web.ServletTestExecutionListener, org.springframework.test.context.support.DirtiesContextBeforeModesTestExecutionListener, org.springframework.test.context.event.ApplicationEventsTestExecutionListener, org.springframework.test.context.support.DependencyInjectionTestExecutionListener, org.springframework.test.context.support.DirtiesContextTestExecutionListener, org.springframework.test.context.transaction.TransactionalTestExecutionListener, org.springframework.test.context.jdbc.SqlScriptsTestExecutionListener, org.springframework.test.context.event.EventPublishingTestExecutionListener]
09:32:31.000 [Test worker] INFO org.springframework.boot.test.context.SpringBootTestContextBootstrapper - Using TestExecutionListeners: [org.springframework.test.context.web.ServletTestExecutionListener@6ddc1655, org.springframework.test.context.support.DirtiesContextBeforeModesTestExecutionListener@5f6a7c19, org.springframework.test.context.event.ApplicationEventsTestExecutionListener@24bcd75, org.springframework.boot.test.mock.mockito.MockitoTestExecutionListener@186f9d75, org.springframework.boot.test.autoconfigure.SpringBootDependencyInjectionTestExecutionListener@158c5e93, org.springframework.test.context.support.DirtiesContextTestExecutionListener@198a628f, org.springframework.test.context.transaction.TransactionalTestExecutionListener@457634ae, org.springframework.test.context.jdbc.SqlScriptsTestExecutionListener@21168d40, org.springframework.security.test.context.support.WithSecurityContextTestExecutionListener@56192737, org.springframework.test.context.event.EventPublishingTestExecutionListener@1c4db961, org.springframework.security.test.context.support.ReactorContextTestExecutionListener@686a2d02, org.springframework.boot.test.autoconfigure.restdocs.RestDocsTestExecutionListener@7d03c1c2, org.springframework.boot.test.autoconfigure.web.client.MockRestServiceServerResetTestExecutionListener@623c61ca, org.springframework.boot.test.autoconfigure.web.servlet.MockMvcPrintOnlyOnFailureTestExecutionListener@13cb4a5d, org.springframework.boot.test.autoconfigure.web.servlet.WebDriverTestExecutionListener@2a70671b, org.springframework.boot.test.autoconfigure.webservices.client.MockWebServiceServerTestExecutionListener@499ebe46, org.springframework.boot.test.mock.mockito.ResetMocksTestExecutionListener@48ada48e]
09:32:31.001 [Test worker] DEBUG org.springframework.test.context.support.AbstractDirtiesContextTestExecutionListener - Before test class: context [DefaultTestContext@2c22d002 testClass = LoginTest, testInstance = [null], testMethod = [null], testException = [null], mergedContextConfiguration = [WebMergedContextConfiguration@3a14f46c testClass = LoginTest, locations = '{}', classes = '{class com.illuminarean.example.IlluminreanBoardServiceApplication}', contextInitializerClasses = '[]', activeProfiles = '{}', propertySourceLocations = '{}', propertySourceProperties = '{org.springframework.boot.test.context.SpringBootTestContextBootstrapper=true}', contextCustomizers = set[org.springframework.boot.test.autoconfigure.actuate.metrics.MetricsExportContextCustomizerFactory$DisableMetricExportContextCustomizer@6d878eea, org.springframework.boot.test.autoconfigure.properties.PropertyMappingContextCustomizer@4b3fa0b3, org.springframework.boot.test.autoconfigure.web.servlet.WebDriverContextCustomizerFactory$Customizer@1ca0bba1, [ImportsContextCustomizer@4adf08b6 key = [org.springframework.boot.test.autoconfigure.web.servlet.MockMvcAutoConfiguration, org.springframework.boot.test.autoconfigure.web.servlet.MockMvcWebClientAutoConfiguration, org.springframework.boot.test.autoconfigure.web.servlet.MockMvcWebDriverAutoConfiguration, org.springframework.boot.autoconfigure.security.oauth2.client.servlet.OAuth2ClientAutoConfiguration, org.springframework.boot.autoconfigure.security.oauth2.resource.servlet.OAuth2ResourceServerAutoConfiguration, org.springframework.boot.autoconfigure.security.servlet.SecurityAutoConfiguration, org.springframework.boot.autoconfigure.security.servlet.SecurityFilterAutoConfiguration, org.springframework.boot.autoconfigure.security.servlet.UserDetailsServiceAutoConfiguration, org.springframework.boot.test.autoconfigure.web.servlet.MockMvcSecurityConfiguration]], org.springframework.boot.test.context.filter.ExcludeFilterContextCustomizer@13d5ed25, org.springframework.boot.test.json.DuplicateJsonObjectContextCustomizerFactory$DuplicateJsonObjectContextCustomizer@74681158, org.springframework.boot.test.mock.mockito.MockitoContextCustomizer@0, org.springframework.boot.test.web.client.TestRestTemplateContextCustomizer@7446c2e1, org.springframework.boot.test.context.SpringBootTestArgs@1, org.springframework.boot.test.context.SpringBootTestWebEnvironment@12b49240], resourceBasePath = 'src/main/webapp', contextLoader = 'org.springframework.boot.test.context.SpringBootContextLoader', parent = [null]], attributes = map['org.springframework.test.context.web.ServletTestExecutionListener.activateListener' -> true]], class annotated with @DirtiesContext [false] with mode [null].
09:32:31.012 [Test worker] DEBUG org.springframework.test.context.support.TestPropertySourceUtils - Adding inlined properties to environment: {spring.jmx.enabled=false, org.springframework.boot.test.context.SpringBootTestContextBootstrapper=true}

  .   ____          _            __ _ _
 /\\ / ___'_ __ _ _(_)_ __  __ _ \ \ \ \
( ( )\___ | '_ | '_| | '_ \/ _` | \ \ \ \
 \\/  ___)| |_)| | | | | || (_| |  ) ) ) )
  '  |____| .__|_| |_|_| |_\__, | / / / /
 =========|_|==============|___/=/_/_/_/
 :: Spring Boot ::                (v2.5.3)

2023-05-24 09:32:31.133  INFO 4333 --- [    Test worker] c.i.example.security.LoginTest           : Starting LoginTest using Java 15.0.4 on lswteenui-iMac.local with PID 4333 (started by lswteen in /Users/lswteen/workspace/coding-test)
2023-05-24 09:32:31.134  INFO 4333 --- [    Test worker] c.i.example.security.LoginTest           : No active profile set, falling back to default profiles: default
2023-05-24 09:32:31.380  INFO 4333 --- [    Test worker] .s.d.r.c.RepositoryConfigurationDelegate : Bootstrapping Spring Data JDBC repositories in DEFAULT mode.
2023-05-24 09:32:31.389  INFO 4333 --- [    Test worker] .s.d.r.c.RepositoryConfigurationDelegate : Finished Spring Data repository scanning in 6 ms. Found 0 JDBC repository interfaces.
2023-05-24 09:32:31.612  INFO 4333 --- [    Test worker] com.zaxxer.hikari.HikariDataSource       : H2_DB - Starting...
2023-05-24 09:32:31.695  INFO 4333 --- [    Test worker] com.zaxxer.hikari.HikariDataSource       : H2_DB - Start completed.
2023-05-24 09:32:31.936  INFO 4333 --- [    Test worker] o.s.b.a.h2.H2ConsoleAutoConfiguration    : H2 console available at '/h2-console'. Database available at 'jdbc:h2:mem:test_db'
2023-05-24 09:32:32.138  INFO 4333 --- [    Test worker] o.s.s.web.DefaultSecurityFilterChain     : Will secure any request with [org.springframework.security.web.context.request.async.WebAsyncManagerIntegrationFilter@129066f5, org.springframework.security.web.context.SecurityContextPersistenceFilter@76be09b9, org.springframework.security.web.authentication.logout.LogoutFilter@420da8de, com.illuminarean.example.security.JwtLoginFilter@2d21d2a6, com.illuminarean.example.security.JwtAuthenticationFilter@355aa88, org.springframework.security.web.savedrequest.RequestCacheAwareFilter@74b97d8d, org.springframework.security.web.servletapi.SecurityContextHolderAwareRequestFilter@2680bc64, org.springframework.security.web.authentication.AnonymousAuthenticationFilter@13c039b2, org.springframework.security.web.session.SessionManagementFilter@2af031bf, org.springframework.security.web.access.ExceptionTranslationFilter@90da094, org.springframework.security.web.access.intercept.FilterSecurityInterceptor@6f140ed1]
2023-05-24 09:32:32.193  INFO 4333 --- [    Test worker] o.s.b.t.m.w.SpringBootMockServletContext : Initializing Spring TestDispatcherServlet ''
2023-05-24 09:32:32.193  INFO 4333 --- [    Test worker] o.s.t.web.servlet.TestDispatcherServlet  : Initializing Servlet ''
2023-05-24 09:32:32.194  INFO 4333 --- [    Test worker] o.s.t.web.servlet.TestDispatcherServlet  : Completed initialization in 1 ms
2023-05-24 09:32:32.207  INFO 4333 --- [    Test worker] c.i.example.security.LoginTest           : Started LoginTest in 1.189 seconds (JVM running for 1.65)

MockHttpServletRequest:
      HTTP Method = POST
      Request URI = /api/login
       Parameters = {}
          Headers = [Content-Type:"application/json;charset=UTF-8", Accept:"application/json", Content-Length:"47"]
             Body = {"email":"tester1@gmail.com","password":"1234"}
    Session Attrs = {}

Handler:
             Type = null

Async:
    Async started = false
     Async result = null

Resolved Exception:
             Type = null

ModelAndView:
        View name = null
             View = null
            Model = null

FlashMap:
       Attributes = null

MockHttpServletResponse:
           Status = 401
    Error message = null
          Headers = []
     Content type = null
             Body = UsernameNotFoundException
    Forwarded URL = null
   Redirected URL = null
          Cookies = []

MockHttpServletRequest:
      HTTP Method = POST
      Request URI = /api/login
       Parameters = {}
          Headers = [Content-Type:"application/json;charset=UTF-8", Accept:"application/json", Content-Length:"46"]
             Body = {"email":"tester@gmail.com","password":"1234"}
    Session Attrs = {}

Handler:
             Type = null

Async:
    Async started = false
     Async result = null

Resolved Exception:
             Type = null

ModelAndView:
        View name = null
             View = null
            Model = null

FlashMap:
       Attributes = null

MockHttpServletResponse:
           Status = 200
    Error message = null
          Headers = [Authorization:"Bearer eyJhbGciOiJIUzUxMiJ9.eyJzdWIiOiJ0ZXN0ZXJAZ21haWwuY29tIiwiYXV0aG9yaXRpZXMiOiJVU0VSIiwiaWQiOjEsImV4cCI6MTY4NDg5NDM1Mn0.3mqPNHasSgDVWhDgRBkKYnoNXf-AEMQZYm0Ebff_53eJkgAmcvWP09nq5aSSRBIWO8Y8afEGfLJAXdwW_Dj1TA"]
     Content type = null
             Body = eyJhbGciOiJIUzUxMiJ9.eyJzdWIiOiJ0ZXN0ZXJAZ21haWwuY29tIiwiYXV0aG9yaXRpZXMiOiJVU0VSIiwiaWQiOjEsImV4cCI6MTY4NDg5NDM1Mn0.3mqPNHasSgDVWhDgRBkKYnoNXf-AEMQZYm0Ebff_53eJkgAmcvWP09nq5aSSRBIWO8Y8afEGfLJAXdwW_Dj1TA
    Forwarded URL = null
   Redirected URL = null
          Cookies = []

MockHttpServletRequest:
      HTTP Method = POST
      Request URI = /api/login
       Parameters = {}
          Headers = [Content-Type:"application/json;charset=UTF-8", Accept:"application/json", Content-Length:"47"]
             Body = {"email":"tester@gmail.com","password":"12341"}
    Session Attrs = {}

Handler:
             Type = null

Async:
    Async started = false
     Async result = null

Resolved Exception:
             Type = null

ModelAndView:
        View name = null
             View = null
            Model = null

FlashMap:
       Attributes = null

MockHttpServletResponse:
           Status = 401
    Error message = null
          Headers = []
     Content type = null
             Body = BadCredentialsException
    Forwarded URL = null
   Redirected URL = null
          Cookies = []
]]></system-out>
  <system-err><![CDATA[]]></system-err>
</testsuite>
