<?xml version="1.0" encoding="UTF-8"?>
<testsuite name="com.illuminarean.example.order.api.OrderControllerTest" tests="1" skipped="0" failures="0" errors="0" timestamp="2023-05-24T12:17:55" hostname="lswteenui-iMac.local" time="0.071">
  <properties/>
  <testcase name="주문 취소 테스트(토큰이 올바르지 않을 경우)" classname="com.illuminarean.example.order.api.OrderControllerTest" time="0.071"/>
  <system-out><![CDATA[21:17:50.149 [Test worker] DEBUG org.springframework.test.context.BootstrapUtils - Instantiating CacheAwareContextLoaderDelegate from class [org.springframework.test.context.cache.DefaultCacheAwareContextLoaderDelegate]
21:17:50.202 [Test worker] DEBUG org.springframework.test.context.BootstrapUtils - Instantiating BootstrapContext using constructor [public org.springframework.test.context.support.DefaultBootstrapContext(java.lang.Class,org.springframework.test.context.CacheAwareContextLoaderDelegate)]
21:17:50.263 [Test worker] DEBUG org.springframework.test.context.BootstrapUtils - Instantiating TestContextBootstrapper for test class [com.illuminarean.example.order.api.OrderControllerTest] from class [org.springframework.boot.test.context.SpringBootTestContextBootstrapper]
21:17:50.278 [Test worker] INFO org.springframework.boot.test.context.SpringBootTestContextBootstrapper - Neither @ContextConfiguration nor @ContextHierarchy found for test class [com.illuminarean.example.order.api.OrderControllerTest], using SpringBootContextLoader
21:17:50.284 [Test worker] DEBUG org.springframework.test.context.support.AbstractContextLoader - Did not detect default resource location for test class [com.illuminarean.example.order.api.OrderControllerTest]: class path resource [com/illuminarean/example/order/api/OrderControllerTest-context.xml] does not exist
21:17:50.285 [Test worker] DEBUG org.springframework.test.context.support.AbstractContextLoader - Did not detect default resource location for test class [com.illuminarean.example.order.api.OrderControllerTest]: class path resource [com/illuminarean/example/order/api/OrderControllerTestContext.groovy] does not exist
21:17:50.285 [Test worker] INFO org.springframework.test.context.support.AbstractContextLoader - Could not detect default resource locations for test class [com.illuminarean.example.order.api.OrderControllerTest]: no resource found for suffixes {-context.xml, Context.groovy}.
21:17:50.286 [Test worker] INFO org.springframework.test.context.support.AnnotationConfigContextLoaderUtils - Could not detect default configuration classes for test class [com.illuminarean.example.order.api.OrderControllerTest]: OrderControllerTest does not declare any static, non-private, non-final, nested classes annotated with @Configuration.
21:17:50.379 [Test worker] DEBUG org.springframework.test.context.support.ActiveProfilesUtils - Could not find an 'annotation declaring class' for annotation type [org.springframework.test.context.ActiveProfiles] and class [com.illuminarean.example.order.api.OrderControllerTest]
21:17:50.482 [Test worker] DEBUG org.springframework.context.annotation.ClassPathScanningCandidateComponentProvider - Identified candidate component class: file [/Users/lswteen/workspace/coding-test/build/classes/java/main/com/illuminarean/example/IlluminreanBoardServiceApplication.class]
21:17:50.483 [Test worker] INFO org.springframework.boot.test.context.SpringBootTestContextBootstrapper - Found @SpringBootConfiguration com.illuminarean.example.IlluminreanBoardServiceApplication for test class com.illuminarean.example.order.api.OrderControllerTest
21:17:50.625 [Test worker] DEBUG org.springframework.boot.test.context.SpringBootTestContextBootstrapper - @TestExecutionListeners is not present for class [com.illuminarean.example.order.api.OrderControllerTest]: using defaults.
21:17:50.626 [Test worker] INFO org.springframework.boot.test.context.SpringBootTestContextBootstrapper - Loaded default TestExecutionListener class names from location [META-INF/spring.factories]: [org.springframework.security.test.context.support.WithSecurityContextTestExecutionListener, org.springframework.security.test.context.support.ReactorContextTestExecutionListener, org.springframework.boot.test.autoconfigure.restdocs.RestDocsTestExecutionListener, org.springframework.boot.test.autoconfigure.web.client.MockRestServiceServerResetTestExecutionListener, org.springframework.boot.test.autoconfigure.web.servlet.MockMvcPrintOnlyOnFailureTestExecutionListener, org.springframework.boot.test.autoconfigure.web.servlet.WebDriverTestExecutionListener, org.springframework.boot.test.autoconfigure.webservices.client.MockWebServiceServerTestExecutionListener, org.springframework.boot.test.mock.mockito.MockitoTestExecutionListener, org.springframework.boot.test.mock.mockito.ResetMocksTestExecutionListener, org.springframework.test.context.web.ServletTestExecutionListener, org.springframework.test.context.support.DirtiesContextBeforeModesTestExecutionListener, org.springframework.test.context.event.ApplicationEventsTestExecutionListener, org.springframework.test.context.support.DependencyInjectionTestExecutionListener, org.springframework.test.context.support.DirtiesContextTestExecutionListener, org.springframework.test.context.transaction.TransactionalTestExecutionListener, org.springframework.test.context.jdbc.SqlScriptsTestExecutionListener, org.springframework.test.context.event.EventPublishingTestExecutionListener]
21:17:50.639 [Test worker] INFO org.springframework.boot.test.context.SpringBootTestContextBootstrapper - Using TestExecutionListeners: [org.springframework.test.context.web.ServletTestExecutionListener@47466c44, org.springframework.test.context.support.DirtiesContextBeforeModesTestExecutionListener@11e415b5, org.springframework.test.context.event.ApplicationEventsTestExecutionListener@29ff782e, org.springframework.boot.test.mock.mockito.MockitoTestExecutionListener@79fd1573, org.springframework.boot.test.autoconfigure.SpringBootDependencyInjectionTestExecutionListener@dad7244, org.springframework.test.context.support.DirtiesContextTestExecutionListener@3cd587f9, org.springframework.test.context.transaction.TransactionalTestExecutionListener@6eb9b645, org.springframework.test.context.jdbc.SqlScriptsTestExecutionListener@7f7e606c, org.springframework.security.test.context.support.WithSecurityContextTestExecutionListener@19271295, org.springframework.test.context.event.EventPublishingTestExecutionListener@95da407, org.springframework.security.test.context.support.ReactorContextTestExecutionListener@2af530f7, org.springframework.boot.test.autoconfigure.restdocs.RestDocsTestExecutionListener@268458c5, org.springframework.boot.test.autoconfigure.web.client.MockRestServiceServerResetTestExecutionListener@796453a, org.springframework.boot.test.autoconfigure.web.servlet.MockMvcPrintOnlyOnFailureTestExecutionListener@630fa453, org.springframework.boot.test.autoconfigure.web.servlet.WebDriverTestExecutionListener@607e424d, org.springframework.boot.test.autoconfigure.webservices.client.MockWebServiceServerTestExecutionListener@64b86cf7, org.springframework.boot.test.mock.mockito.ResetMocksTestExecutionListener@51b24acf]
21:17:50.642 [Test worker] DEBUG org.springframework.test.context.support.AbstractDirtiesContextTestExecutionListener - Before test class: context [DefaultTestContext@36af2c8b testClass = OrderControllerTest, testInstance = [null], testMethod = [null], testException = [null], mergedContextConfiguration = [WebMergedContextConfiguration@13e82dcb testClass = OrderControllerTest, locations = '{}', classes = '{class com.illuminarean.example.IlluminreanBoardServiceApplication}', contextInitializerClasses = '[]', activeProfiles = '{}', propertySourceLocations = '{}', propertySourceProperties = '{org.springframework.boot.test.context.SpringBootTestContextBootstrapper=true}', contextCustomizers = set[org.springframework.boot.test.autoconfigure.actuate.metrics.MetricsExportContextCustomizerFactory$DisableMetricExportContextCustomizer@3abaf598, org.springframework.boot.test.autoconfigure.properties.PropertyMappingContextCustomizer@4b3fa0b3, org.springframework.boot.test.autoconfigure.web.servlet.WebDriverContextCustomizerFactory$Customizer@2bbae5a1, [ImportsContextCustomizer@1f45414b key = [org.springframework.boot.test.autoconfigure.web.servlet.MockMvcAutoConfiguration, org.springframework.boot.test.autoconfigure.web.servlet.MockMvcWebClientAutoConfiguration, org.springframework.boot.test.autoconfigure.web.servlet.MockMvcWebDriverAutoConfiguration, org.springframework.boot.autoconfigure.security.oauth2.client.servlet.OAuth2ClientAutoConfiguration, org.springframework.boot.autoconfigure.security.oauth2.resource.servlet.OAuth2ResourceServerAutoConfiguration, org.springframework.boot.autoconfigure.security.servlet.SecurityAutoConfiguration, org.springframework.boot.autoconfigure.security.servlet.SecurityFilterAutoConfiguration, org.springframework.boot.autoconfigure.security.servlet.UserDetailsServiceAutoConfiguration, org.springframework.boot.test.autoconfigure.web.servlet.MockMvcSecurityConfiguration]], org.springframework.boot.test.context.filter.ExcludeFilterContextCustomizer@54cc5328, org.springframework.boot.test.json.DuplicateJsonObjectContextCustomizerFactory$DuplicateJsonObjectContextCustomizer@614b811d, org.springframework.boot.test.mock.mockito.MockitoContextCustomizer@dd172507, org.springframework.boot.test.web.client.TestRestTemplateContextCustomizer@3ec845c1, org.springframework.boot.test.context.SpringBootTestArgs@1, org.springframework.boot.test.context.SpringBootTestWebEnvironment@700f5858], resourceBasePath = 'src/main/webapp', contextLoader = 'org.springframework.boot.test.context.SpringBootContextLoader', parent = [null]], attributes = map['org.springframework.test.context.web.ServletTestExecutionListener.activateListener' -> true]], class annotated with @DirtiesContext [false] with mode [null].
21:17:50.702 [Test worker] DEBUG org.springframework.test.context.support.TestPropertySourceUtils - Adding inlined properties to environment: {spring.jmx.enabled=false, org.springframework.boot.test.context.SpringBootTestContextBootstrapper=true}

  .   ____          _            __ _ _
 /\\ / ___'_ __ _ _(_)_ __  __ _ \ \ \ \
( ( )\___ | '_ | '_| | '_ \/ _` | \ \ \ \
 \\/  ___)| |_)| | | | | || (_| |  ) ) ) )
  '  |____| .__|_| |_|_| |_\__, | / / / /
 =========|_|==============|___/=/_/_/_/
 :: Spring Boot ::                (v2.5.3)

2023-05-24 21:17:51.171  INFO 3379 --- [    Test worker] c.i.e.order.api.OrderControllerTest      : Starting OrderControllerTest using Java 11.0.12 on lswteenui-iMac.local with PID 3379 (started by lswteen in /Users/lswteen/workspace/coding-test)
2023-05-24 21:17:51.177  INFO 3379 --- [    Test worker] c.i.e.order.api.OrderControllerTest      : No active profile set, falling back to default profiles: default
2023-05-24 21:17:52.344  INFO 3379 --- [    Test worker] .s.d.r.c.RepositoryConfigurationDelegate : Bootstrapping Spring Data JDBC repositories in DEFAULT mode.
2023-05-24 21:17:52.388  INFO 3379 --- [    Test worker] .s.d.r.c.RepositoryConfigurationDelegate : Finished Spring Data repository scanning in 38 ms. Found 0 JDBC repository interfaces.
2023-05-24 21:17:53.716  INFO 3379 --- [    Test worker] com.zaxxer.hikari.HikariDataSource       : H2_DB - Starting...
2023-05-24 21:17:53.873  INFO 3379 --- [    Test worker] com.zaxxer.hikari.HikariDataSource       : H2_DB - Start completed.
2023-05-24 21:17:54.833  INFO 3379 --- [    Test worker] o.s.b.a.h2.H2ConsoleAutoConfiguration    : H2 console available at '/h2-console'. Database available at 'jdbc:h2:mem:test_db'
2023-05-24 21:17:55.496  INFO 3379 --- [    Test worker] o.s.s.web.DefaultSecurityFilterChain     : Will secure any request with [org.springframework.security.web.context.request.async.WebAsyncManagerIntegrationFilter@71198cf4, org.springframework.security.web.context.SecurityContextPersistenceFilter@72a3596, org.springframework.security.web.authentication.logout.LogoutFilter@74c8ccfc, com.illuminarean.example.security.JwtLoginFilter@55cbd1c5, com.illuminarean.example.security.JwtAuthenticationFilter@5fb96d34, org.springframework.security.web.savedrequest.RequestCacheAwareFilter@6d839ff5, org.springframework.security.web.servletapi.SecurityContextHolderAwareRequestFilter@78c26657, org.springframework.security.web.authentication.AnonymousAuthenticationFilter@6611d0e3, org.springframework.security.web.session.SessionManagementFilter@7c70df23, org.springframework.security.web.access.ExceptionTranslationFilter@7b0bc9c2, org.springframework.security.web.access.intercept.FilterSecurityInterceptor@67519ea]
2023-05-24 21:17:55.594  INFO 3379 --- [    Test worker] o.s.b.t.m.w.SpringBootMockServletContext : Initializing Spring TestDispatcherServlet ''
2023-05-24 21:17:55.594  INFO 3379 --- [    Test worker] o.s.t.web.servlet.TestDispatcherServlet  : Initializing Servlet ''
2023-05-24 21:17:55.602  INFO 3379 --- [    Test worker] o.s.t.web.servlet.TestDispatcherServlet  : Completed initialization in 8 ms
2023-05-24 21:17:55.632  INFO 3379 --- [    Test worker] c.i.e.order.api.OrderControllerTest      : Started OrderControllerTest in 4.921 seconds (JVM running for 6.743)
io.jsonwebtoken.MalformedJwtException: JWT strings must contain exactly 2 period characters. Found: 0
]]></system-out>
  <system-err><![CDATA[]]></system-err>
</testsuite>
