<?xml version="1.0" encoding="UTF-8"?>
<testsuite name="com.illuminarean.example.security.LoginTest" tests="3" skipped="0" failures="0" errors="0" timestamp="2023-05-24T11:06:28" hostname="lswteenui-iMac.local" time="0.448">
  <properties/>
  <testcase name="로그인 실패 - 아이디가 올바르지 않은 경우" classname="com.illuminarean.example.security.LoginTest" time="0.117"/>
  <testcase name="로그인 성공 테스트" classname="com.illuminarean.example.security.LoginTest" time="0.219"/>
  <testcase name="로그인 실패 - 비밀번호가 올바르지 않은 경우" classname="com.illuminarean.example.security.LoginTest" time="0.107"/>
  <system-out><![CDATA[2023-05-24 20:06:26.921  INFO 93476 --- [    Test worker] .b.t.c.SpringBootTestContextBootstrapper : Neither @ContextConfiguration nor @ContextHierarchy found for test class [com.illuminarean.example.security.LoginTest], using SpringBootContextLoader
2023-05-24 20:06:26.927  INFO 93476 --- [    Test worker] o.s.t.c.support.AbstractContextLoader    : Could not detect default resource locations for test class [com.illuminarean.example.security.LoginTest]: no resource found for suffixes {-context.xml, Context.groovy}.
2023-05-24 20:06:26.928  INFO 93476 --- [    Test worker] t.c.s.AnnotationConfigContextLoaderUtils : Could not detect default configuration classes for test class [com.illuminarean.example.security.LoginTest]: LoginTest does not declare any static, non-private, non-final, nested classes annotated with @Configuration.
2023-05-24 20:06:26.971  INFO 93476 --- [    Test worker] .b.t.c.SpringBootTestContextBootstrapper : Found @SpringBootConfiguration com.illuminarean.example.IlluminreanBoardServiceApplication for test class com.illuminarean.example.security.LoginTest
2023-05-24 20:06:26.981  INFO 93476 --- [    Test worker] .b.t.c.SpringBootTestContextBootstrapper : Loaded default TestExecutionListener class names from location [META-INF/spring.factories]: [org.springframework.security.test.context.support.WithSecurityContextTestExecutionListener, org.springframework.security.test.context.support.ReactorContextTestExecutionListener, org.springframework.boot.test.autoconfigure.restdocs.RestDocsTestExecutionListener, org.springframework.boot.test.autoconfigure.web.client.MockRestServiceServerResetTestExecutionListener, org.springframework.boot.test.autoconfigure.web.servlet.MockMvcPrintOnlyOnFailureTestExecutionListener, org.springframework.boot.test.autoconfigure.web.servlet.WebDriverTestExecutionListener, org.springframework.boot.test.autoconfigure.webservices.client.MockWebServiceServerTestExecutionListener, org.springframework.boot.test.mock.mockito.MockitoTestExecutionListener, org.springframework.boot.test.mock.mockito.ResetMocksTestExecutionListener, org.springframework.test.context.web.ServletTestExecutionListener, org.springframework.test.context.support.DirtiesContextBeforeModesTestExecutionListener, org.springframework.test.context.event.ApplicationEventsTestExecutionListener, org.springframework.test.context.support.DependencyInjectionTestExecutionListener, org.springframework.test.context.support.DirtiesContextTestExecutionListener, org.springframework.test.context.transaction.TransactionalTestExecutionListener, org.springframework.test.context.jdbc.SqlScriptsTestExecutionListener, org.springframework.test.context.event.EventPublishingTestExecutionListener]
2023-05-24 20:06:26.982  INFO 93476 --- [    Test worker] .b.t.c.SpringBootTestContextBootstrapper : Using TestExecutionListeners: [org.springframework.test.context.web.ServletTestExecutionListener@1af66405, org.springframework.test.context.support.DirtiesContextBeforeModesTestExecutionListener@57a55c0c, org.springframework.test.context.event.ApplicationEventsTestExecutionListener@6543c55b, org.springframework.boot.test.mock.mockito.MockitoTestExecutionListener@1ed59522, org.springframework.boot.test.autoconfigure.SpringBootDependencyInjectionTestExecutionListener@37aa1cb1, org.springframework.test.context.support.DirtiesContextTestExecutionListener@4a926374, org.springframework.test.context.transaction.TransactionalTestExecutionListener@31001e60, org.springframework.test.context.jdbc.SqlScriptsTestExecutionListener@34ef1e7, org.springframework.security.test.context.support.WithSecurityContextTestExecutionListener@64663aab, org.springframework.test.context.event.EventPublishingTestExecutionListener@3d366c90, org.springframework.security.test.context.support.ReactorContextTestExecutionListener@c748648, org.springframework.boot.test.autoconfigure.restdocs.RestDocsTestExecutionListener@78419fe8, org.springframework.boot.test.autoconfigure.web.client.MockRestServiceServerResetTestExecutionListener@2d274129, org.springframework.boot.test.autoconfigure.web.servlet.MockMvcPrintOnlyOnFailureTestExecutionListener@23fbeaf1, org.springframework.boot.test.autoconfigure.web.servlet.WebDriverTestExecutionListener@b956e00, org.springframework.boot.test.autoconfigure.webservices.client.MockWebServiceServerTestExecutionListener@7f5f0e45, org.springframework.boot.test.mock.mockito.ResetMocksTestExecutionListener@68e6268e]

  .   ____          _            __ _ _
 /\\ / ___'_ __ _ _(_)_ __  __ _ \ \ \ \
( ( )\___ | '_ | '_| | '_ \/ _` | \ \ \ \
 \\/  ___)| |_)| | | | | || (_| |  ) ) ) )
  '  |____| .__|_| |_|_| |_\__, | / / / /
 =========|_|==============|___/=/_/_/_/
 :: Spring Boot ::                (v2.5.3)

2023-05-24 20:06:27.072  INFO 93476 --- [    Test worker] c.i.example.security.LoginTest           : Starting LoginTest using Java 11.0.12 on lswteenui-iMac.local with PID 93476 (started by lswteen in /Users/lswteen/workspace/coding-test)
2023-05-24 20:06:27.075  INFO 93476 --- [    Test worker] c.i.example.security.LoginTest           : No active profile set, falling back to default profiles: default
2023-05-24 20:06:27.464  INFO 93476 --- [    Test worker] .s.d.r.c.RepositoryConfigurationDelegate : Bootstrapping Spring Data JDBC repositories in DEFAULT mode.
2023-05-24 20:06:27.484  INFO 93476 --- [    Test worker] .s.d.r.c.RepositoryConfigurationDelegate : Finished Spring Data repository scanning in 18 ms. Found 0 JDBC repository interfaces.
2023-05-24 20:06:27.766  INFO 93476 --- [    Test worker] com.zaxxer.hikari.HikariDataSource       : H2_DB - Starting...
2023-05-24 20:06:27.771  INFO 93476 --- [    Test worker] com.zaxxer.hikari.HikariDataSource       : H2_DB - Start completed.
2023-05-24 20:06:28.043  INFO 93476 --- [    Test worker] o.s.b.a.h2.H2ConsoleAutoConfiguration    : H2 console available at '/h2-console'. Database available at 'jdbc:h2:mem:test_db'
2023-05-24 20:06:28.252  INFO 93476 --- [    Test worker] o.s.s.web.DefaultSecurityFilterChain     : Will secure any request with [org.springframework.security.web.context.request.async.WebAsyncManagerIntegrationFilter@3098b4b1, org.springframework.security.web.context.SecurityContextPersistenceFilter@4fefc49f, org.springframework.security.web.authentication.logout.LogoutFilter@d58889b, com.illuminarean.example.security.JwtLoginFilter@13cc8859, com.illuminarean.example.security.JwtAuthenticationFilter@54007e5d, org.springframework.security.web.savedrequest.RequestCacheAwareFilter@50311755, org.springframework.security.web.servletapi.SecurityContextHolderAwareRequestFilter@69f1d3d8, org.springframework.security.web.authentication.AnonymousAuthenticationFilter@2b7537e3, org.springframework.security.web.session.SessionManagementFilter@7a85e07a, org.springframework.security.web.access.ExceptionTranslationFilter@3bc0573c, org.springframework.security.web.access.intercept.FilterSecurityInterceptor@7081f177]
2023-05-24 20:06:28.298  INFO 93476 --- [    Test worker] o.s.b.t.m.w.SpringBootMockServletContext : Initializing Spring TestDispatcherServlet ''
2023-05-24 20:06:28.299  INFO 93476 --- [    Test worker] o.s.t.web.servlet.TestDispatcherServlet  : Initializing Servlet ''
2023-05-24 20:06:28.299  INFO 93476 --- [    Test worker] o.s.t.web.servlet.TestDispatcherServlet  : Completed initialization in 0 ms
2023-05-24 20:06:28.315  INFO 93476 --- [    Test worker] c.i.example.security.LoginTest           : Started LoginTest in 1.325 seconds (JVM running for 8.773)

MockHttpServletRequest:
      HTTP Method = POST
      Request URI = /api/login
       Parameters = {}
          Headers = [Content-Type:"application/json;charset=UTF-8", Accept:"application/json", Content-Length:"47"]
             Body = {"email":"tester1@gmail.com","password":"1234"}
    Session Attrs = {}

Handler:
             Type = null

Async:
    Async started = false
     Async result = null

Resolved Exception:
             Type = null

ModelAndView:
        View name = null
             View = null
            Model = null

FlashMap:
       Attributes = null

MockHttpServletResponse:
           Status = 401
    Error message = null
          Headers = []
     Content type = null
             Body = UsernameNotFoundException
    Forwarded URL = null
   Redirected URL = null
          Cookies = []

MockHttpServletRequest:
      HTTP Method = POST
      Request URI = /api/login
       Parameters = {}
          Headers = [Content-Type:"application/json;charset=UTF-8", Accept:"application/json", Content-Length:"46"]
             Body = {"email":"tester@gmail.com","password":"1234"}
    Session Attrs = {}

Handler:
             Type = null

Async:
    Async started = false
     Async result = null

Resolved Exception:
             Type = null

ModelAndView:
        View name = null
             View = null
            Model = null

FlashMap:
       Attributes = null

MockHttpServletResponse:
           Status = 200
    Error message = null
          Headers = [Authorization:"Bearer eyJhbGciOiJIUzUxMiJ9.eyJzdWIiOiJ0ZXN0ZXJAZ21haWwuY29tIiwiYXV0aG9yaXRpZXMiOiJVU0VSIiwiaWQiOjEsImV4cCI6MTY4NDkzMjM4OH0.KlpSBR56Fi7MojXDqTr-Bi685BDQ0IcalL3EAK6IIuw4pA6i2yQoWyoxHjpVcLhKVuJI7l_7ssF8KEtq9EXAiA"]
     Content type = null
             Body = eyJhbGciOiJIUzUxMiJ9.eyJzdWIiOiJ0ZXN0ZXJAZ21haWwuY29tIiwiYXV0aG9yaXRpZXMiOiJVU0VSIiwiaWQiOjEsImV4cCI6MTY4NDkzMjM4OH0.KlpSBR56Fi7MojXDqTr-Bi685BDQ0IcalL3EAK6IIuw4pA6i2yQoWyoxHjpVcLhKVuJI7l_7ssF8KEtq9EXAiA
    Forwarded URL = null
   Redirected URL = null
          Cookies = []

MockHttpServletRequest:
      HTTP Method = POST
      Request URI = /api/login
       Parameters = {}
          Headers = [Content-Type:"application/json;charset=UTF-8", Accept:"application/json", Content-Length:"47"]
             Body = {"email":"tester@gmail.com","password":"12341"}
    Session Attrs = {}

Handler:
             Type = null

Async:
    Async started = false
     Async result = null

Resolved Exception:
             Type = null

ModelAndView:
        View name = null
             View = null
            Model = null

FlashMap:
       Attributes = null

MockHttpServletResponse:
           Status = 401
    Error message = null
          Headers = []
     Content type = null
             Body = BadCredentialsException
    Forwarded URL = null
   Redirected URL = null
          Cookies = []
]]></system-out>
  <system-err><![CDATA[]]></system-err>
</testsuite>
