<?xml version="1.0" encoding="UTF-8"?>
<testsuite name="com.illuminarean.example.user.api.UserControllerTest" tests="2" skipped="0" failures="0" errors="0" timestamp="2023-05-24T11:06:28" hostname="lswteenui-iMac.local" time="0.075">
  <properties/>
  <testcase name="내 정보 조회 성공 테스트 (토큰이 올바른 경우)" classname="com.illuminarean.example.user.api.UserControllerTest" time="0.059"/>
  <testcase name="내 정보 조회 실패 테스트 (토큰이 올바르지 않을 경우)" classname="com.illuminarean.example.user.api.UserControllerTest" time="0.012"/>
  <system-out><![CDATA[2023-05-24 20:06:28.783  INFO 93476 --- [    Test worker] .b.t.c.SpringBootTestContextBootstrapper : Neither @ContextConfiguration nor @ContextHierarchy found for test class [com.illuminarean.example.user.api.UserControllerTest], using SpringBootContextLoader
2023-05-24 20:06:28.784  INFO 93476 --- [    Test worker] o.s.t.c.support.AbstractContextLoader    : Could not detect default resource locations for test class [com.illuminarean.example.user.api.UserControllerTest]: no resource found for suffixes {-context.xml, Context.groovy}.
2023-05-24 20:06:28.784  INFO 93476 --- [    Test worker] t.c.s.AnnotationConfigContextLoaderUtils : Could not detect default configuration classes for test class [com.illuminarean.example.user.api.UserControllerTest]: UserControllerTest does not declare any static, non-private, non-final, nested classes annotated with @Configuration.
2023-05-24 20:06:28.799  INFO 93476 --- [    Test worker] .b.t.c.SpringBootTestContextBootstrapper : Found @SpringBootConfiguration com.illuminarean.example.IlluminreanBoardServiceApplication for test class com.illuminarean.example.user.api.UserControllerTest
2023-05-24 20:06:28.803  INFO 93476 --- [    Test worker] .b.t.c.SpringBootTestContextBootstrapper : Loaded default TestExecutionListener class names from location [META-INF/spring.factories]: [org.springframework.security.test.context.support.WithSecurityContextTestExecutionListener, org.springframework.security.test.context.support.ReactorContextTestExecutionListener, org.springframework.boot.test.autoconfigure.restdocs.RestDocsTestExecutionListener, org.springframework.boot.test.autoconfigure.web.client.MockRestServiceServerResetTestExecutionListener, org.springframework.boot.test.autoconfigure.web.servlet.MockMvcPrintOnlyOnFailureTestExecutionListener, org.springframework.boot.test.autoconfigure.web.servlet.WebDriverTestExecutionListener, org.springframework.boot.test.autoconfigure.webservices.client.MockWebServiceServerTestExecutionListener, org.springframework.boot.test.mock.mockito.MockitoTestExecutionListener, org.springframework.boot.test.mock.mockito.ResetMocksTestExecutionListener, org.springframework.test.context.web.ServletTestExecutionListener, org.springframework.test.context.support.DirtiesContextBeforeModesTestExecutionListener, org.springframework.test.context.event.ApplicationEventsTestExecutionListener, org.springframework.test.context.support.DependencyInjectionTestExecutionListener, org.springframework.test.context.support.DirtiesContextTestExecutionListener, org.springframework.test.context.transaction.TransactionalTestExecutionListener, org.springframework.test.context.jdbc.SqlScriptsTestExecutionListener, org.springframework.test.context.event.EventPublishingTestExecutionListener]
2023-05-24 20:06:28.804  INFO 93476 --- [    Test worker] .b.t.c.SpringBootTestContextBootstrapper : Using TestExecutionListeners: [org.springframework.test.context.web.ServletTestExecutionListener@57232e53, org.springframework.test.context.support.DirtiesContextBeforeModesTestExecutionListener@3cf092ff, org.springframework.test.context.event.ApplicationEventsTestExecutionListener@3ff2d89e, org.springframework.boot.test.mock.mockito.MockitoTestExecutionListener@7fdda01b, org.springframework.boot.test.autoconfigure.SpringBootDependencyInjectionTestExecutionListener@31425805, org.springframework.test.context.support.DirtiesContextTestExecutionListener@99d53b8, org.springframework.test.context.transaction.TransactionalTestExecutionListener@20025c3d, org.springframework.test.context.jdbc.SqlScriptsTestExecutionListener@32cdfd5e, org.springframework.security.test.context.support.WithSecurityContextTestExecutionListener@116c0972, org.springframework.test.context.event.EventPublishingTestExecutionListener@720f9874, org.springframework.security.test.context.support.ReactorContextTestExecutionListener@40dec1bc, org.springframework.boot.test.autoconfigure.restdocs.RestDocsTestExecutionListener@1da4e3f4, org.springframework.boot.test.autoconfigure.web.client.MockRestServiceServerResetTestExecutionListener@6cf25eab, org.springframework.boot.test.autoconfigure.web.servlet.MockMvcPrintOnlyOnFailureTestExecutionListener@6230a779, org.springframework.boot.test.autoconfigure.web.servlet.WebDriverTestExecutionListener@545559a2, org.springframework.boot.test.autoconfigure.webservices.client.MockWebServiceServerTestExecutionListener@6ed4bb9f, org.springframework.boot.test.mock.mockito.ResetMocksTestExecutionListener@102da7e8]

MockHttpServletRequest:
      HTTP Method = GET
      Request URI = /api/users/me
       Parameters = {}
          Headers = [Accept:"application/json"]
             Body = null
    Session Attrs = {SPRING_SECURITY_CONTEXT=SecurityContextImpl [Authentication=JdbcAuthenticationToken [Principal=com.illuminarean.example.security.JdbcAuthenticationPrincipal@1375da14, Credentials=[PROTECTED], Authenticated=true, Details=null, Granted Authorities=[ROLE_USER]]]}

Handler:
             Type = com.illuminarean.example.user.api.UserController
           Method = com.illuminarean.example.user.api.UserController#me()

Async:
    Async started = false
     Async result = null

Resolved Exception:
             Type = null

ModelAndView:
        View name = null
             View = null
            Model = null

FlashMap:
       Attributes = null

MockHttpServletResponse:
           Status = 200
    Error message = null
          Headers = [Content-Type:"application/json"]
     Content type = application/json
             Body = {"id":1,"email":"tester@gmail.com","name":"tester","loginCount":0,"lastLoginDate":"2023-05-24T20:06:28.554547","createDate":"2023-05-24T20:06:27.818356","modifiedDate":null}
    Forwarded URL = null
   Redirected URL = null
          Cookies = []
io.jsonwebtoken.MalformedJwtException: JWT strings must contain exactly 2 period characters. Found: 0

MockHttpServletRequest:
      HTTP Method = GET
      Request URI = /api/users/me
       Parameters = {}
          Headers = [Accept:"application/json", Authorization:"Bearer testasdfastoken"]
             Body = null
    Session Attrs = {}

Handler:
             Type = null

Async:
    Async started = false
     Async result = null

Resolved Exception:
             Type = null

ModelAndView:
        View name = null
             View = null
            Model = null

FlashMap:
       Attributes = null

MockHttpServletResponse:
           Status = 401
    Error message = JWT strings must contain exactly 2 period characters. Found: 0
          Headers = []
     Content type = null
             Body = 
    Forwarded URL = null
   Redirected URL = null
          Cookies = []
]]></system-out>
  <system-err><![CDATA[]]></system-err>
</testsuite>
